<?xml version="1.0" encoding="UTF-8"?>
<!-- Generated by org.testng.reporters.JUnitXMLReporter -->
<testsuite hostname="Andreys-Air.fios-router.home" name="Advanced Cucumber Tests" tests="3" failures="1" timestamp="31 Aug 2019 16:12:02 GMT" time="19.352" errors="0">
  <testcase name="feature" time="8.408" classname="runners.MainRunner">
    <failure type="cucumber.runtime.CucumberException" message="java.lang.NullPointerException">
      <![CDATA[cucumber.runtime.CucumberException: java.lang.NullPointerException
	at cucumber.api.testng.TestNGCucumberRunner.runCucumber(TestNGCucumberRunner.java:69)
	at cucumber.api.testng.AbstractTestNGCucumberTests.feature(AbstractTestNGCucumberTests.java:21)
Caused by: java.lang.NullPointerException
	at pageObjects.Login_Page.clickLoginButton(Login_Page.java:42)
	at stepDifinitions.LoginSteps.user_clicks_on_Login_Button(LoginSteps.java:31)
	at âœ½.When User clicks on Login Button(Login.feature:7)
... Removed 27 stack frames]]>
    </failure>
  </testcase> <!-- feature -->
  <testcase name="feature" time="5.509" classname="runners.MainRunner"/>
  <testcase name="feature" time="4.604" classname="runners.MainRunner"/>
</testsuite> <!-- Advanced Cucumber Tests -->
